生成启动时间为 2017/11/11 21:40:17。
     1>项目“C:\Users\Administrator\Desktop\邓志豪-M201770476\工业摄影程序源代码及程序运行视频\1_MFCTemp\1_MFCTemp\1_MFCTemp.vcxproj”在节点 2 上(Build 个目标)。
     1>ClCompile:
         D:\VS2013\VC\bin\CL.exe /c /ZI /nologo /W3 /WX- /sdl- /Od /Oy- /D WIN32 /D _WINDOWS /D _DEBUG /D _CRT_SECURE_NO_WARNINGS /D _UNICODE /D UNICODE /D _AFXDLL /Gm /EHsc /RTC1 /MD /GS /fp:precise /Zc:wchar_t /Zc:forScope /Yc"stdafx.h" /Fp"Debug\1_MFCTemp.pch" /Fo"Debug\\" /Fd"Debug\vc120.pdb" /Gd /TP /analyze- /errorReport:prompt stdafx.cpp
         stdafx.cpp
         D:\VS2013\VC\bin\CL.exe /c /ZI /nologo /W3 /WX- /sdl- /Od /Oy- /D WIN32 /D _WINDOWS /D _DEBUG /D _CRT_SECURE_NO_WARNINGS /D _UNICODE /D UNICODE /D _AFXDLL /Gm /EHsc /RTC1 /MD /GS /fp:precise /Zc:wchar_t /Zc:forScope /Yu"stdafx.h" /Fp"Debug\1_MFCTemp.pch" /Fo"Debug\\" /Fd"Debug\vc120.pdb" /Gd /TP /analyze- /errorReport:prompt 1_MFCTemp.cpp 1_MFCTempDlg.cpp BCMenu.cpp BtnST.cpp Task1.cpp Task2.cpp Task3.cpp Task4.cpp
         Task4.cpp
     1>c:\users\administrator\desktop\邓志豪-m201770476\工业摄影程序源代码及程序运行视频\1_mfctemp\1_mfctemp\task4.cpp(61): warning C4244: “=”: 从“double”转换到“uchar”，可能丢失数据
     1>c:\users\administrator\desktop\邓志豪-m201770476\工业摄影程序源代码及程序运行视频\1_mfctemp\1_mfctemp\task4.cpp(106): warning C4244: “=”: 从“double”转换到“uchar”，可能丢失数据
     1>c:\users\administrator\desktop\邓志豪-m201770476\工业摄影程序源代码及程序运行视频\1_mfctemp\1_mfctemp\task4.cpp(150): warning C4244: “=”: 从“double”转换到“uchar”，可能丢失数据
     1>c:\users\administrator\desktop\邓志豪-m201770476\工业摄影程序源代码及程序运行视频\1_mfctemp\1_mfctemp\task4.cpp(151): warning C4244: “=”: 从“double”转换到“uchar”，可能丢失数据
     1>c:\users\administrator\desktop\邓志豪-m201770476\工业摄影程序源代码及程序运行视频\1_mfctemp\1_mfctemp\task4.cpp(161): warning C4244: “=”: 从“double”转换到“uchar”，可能丢失数据
         Task3.cpp
     1>c:\users\administrator\desktop\邓志豪-m201770476\工业摄影程序源代码及程序运行视频\1_mfctemp\1_mfctemp\task3.cpp(61): warning C4244: “=”: 从“double”转换到“uchar”，可能丢失数据
     1>c:\users\administrator\desktop\邓志豪-m201770476\工业摄影程序源代码及程序运行视频\1_mfctemp\1_mfctemp\task3.cpp(100): warning C4244: “=”: 从“double”转换到“uchar”，可能丢失数据
     1>c:\users\administrator\desktop\邓志豪-m201770476\工业摄影程序源代码及程序运行视频\1_mfctemp\1_mfctemp\task3.cpp(101): warning C4244: “=”: 从“double”转换到“uchar”，可能丢失数据
     1>c:\users\administrator\desktop\邓志豪-m201770476\工业摄影程序源代码及程序运行视频\1_mfctemp\1_mfctemp\task3.cpp(123): warning C4244: “=”: 从“double”转换到“uchar”，可能丢失数据
     1>c:\users\administrator\desktop\邓志豪-m201770476\工业摄影程序源代码及程序运行视频\1_mfctemp\1_mfctemp\task3.cpp(186): warning C4244: “=”: 从“double”转换到“uchar”，可能丢失数据
     1>c:\users\administrator\desktop\邓志豪-m201770476\工业摄影程序源代码及程序运行视频\1_mfctemp\1_mfctemp\task3.cpp(233): warning C4244: “=”: 从“double”转换到“uchar”，可能丢失数据
         Task2.cpp
     1>c:\users\administrator\desktop\邓志豪-m201770476\工业摄影程序源代码及程序运行视频\1_mfctemp\1_mfctemp\task2.cpp(145): warning C4244: “=”: 从“double”转换到“float”，可能丢失数据
         Task1.cpp
     1>c:\users\administrator\desktop\邓志豪-m201770476\工业摄影程序源代码及程序运行视频\1_mfctemp\1_mfctemp\task1.cpp(125): warning C4244: “=”: 从“double”转换到“uchar”，可能丢失数据
     1>c:\users\administrator\desktop\邓志豪-m201770476\工业摄影程序源代码及程序运行视频\1_mfctemp\1_mfctemp\task1.cpp(177): warning C4244: “初始化”: 从“double”转换到“float”，可能丢失数据
         BtnST.cpp
         BCMenu.cpp
     1>c:\users\administrator\desktop\邓志豪-m201770476\工业摄影程序源代码及程序运行视频\1_mfctemp\1_mfctemp\bcmenu.cpp(76): warning C4996: 'GetVersion': 被声明为已否决
                 c:\program files (x86)\windows kits\8.1\include\um\sysinfoapi.h(110) : 参见“GetVersion”的声明
     1>c:\users\administrator\desktop\邓志豪-m201770476\工业摄影程序源代码及程序运行视频\1_mfctemp\1_mfctemp\bcmenu.cpp(83): warning C4996: 'GetVersionExW': 被声明为已否决
                 c:\program files (x86)\windows kits\8.1\include\um\sysinfoapi.h(442) : 参见“GetVersionExW”的声明
     1>c:\users\administrator\desktop\邓志豪-m201770476\工业摄影程序源代码及程序运行视频\1_mfctemp\1_mfctemp\bcmenu.cpp(98): warning C4996: 'GetVersionExW': 被声明为已否决
                 c:\program files (x86)\windows kits\8.1\include\um\sysinfoapi.h(442) : 参见“GetVersionExW”的声明
     1>c:\users\administrator\desktop\邓志豪-m201770476\工业摄影程序源代码及程序运行视频\1_mfctemp\1_mfctemp\bcmenu.cpp(1950): warning C4018: “<”: 有符号/无符号不匹配
         1_MFCTempDlg.cpp
         1_MFCTemp.cpp
         正在生成代码...
       ResourceCompile:
         C:\Program Files (x86)\Windows Kits\8.1\bin\x86\rc.exe /D _DEBUG /D _UNICODE /D UNICODE /D _AFXDLL /l"0x0804" /IDebug\ /nologo /fo"Debug\1_MFCTemp.res" 1_MFCTemp.rc 
       Link:
         D:\VS2013\VC\bin\link.exe /ERRORREPORT:PROMPT /OUT:"C:\Users\Administrator\Desktop\邓志豪-M201770476\工业摄影程序源代码及程序运行视频\1_MFCTemp\Debug\1_MFCTemp.exe" /INCREMENTAL /NOLOGO opencv_ml249d.lib opencv_calib3d249d.lib opencv_contrib249d.lib opencv_core249d.lib opencv_features2d249d.lib opencv_flann249d.lib opencv_gpu249d.lib opencv_highgui249d.lib opencv_imgproc249d.lib opencv_legacy249d.lib opencv_objdetect249d.lib opencv_ts249d.lib opencv_video249d.lib opencv_nonfree249d.lib opencv_ocl249d.lib opencv_photo249d.lib opencv_stitching249d.lib opencv_superres249d.lib opencv_videostab249d.lib /MANIFEST /MANIFESTUAC:"level='asInvoker' uiAccess='false'" /manifest:embed /manifestinput:D:\VS2013\VC\Include\Manifest\dpiaware.manifest /DEBUG /PDB:"C:\Users\Administrator\Desktop\邓志豪-M201770476\工业摄影程序源代码及程序运行视频\1_MFCTemp\Debug\1_MFCTemp.pdb" /SUBSYSTEM:WINDOWS /TLBID:1 /ENTRY:"wWinMainCRTStartup" /DYNAMICBASE /NXCOMPAT /IMPLIB:"C:\Users\Administrator\Desktop\邓志豪-M201770476\工业摄影程序源代码及程序运行视频\1_MFCTemp\Debug\1_MFCTemp.lib" /MACHINE:X86 Debug\1_MFCTemp.res
         Debug\1_MFCTemp.obj
         Debug\1_MFCTempDlg.obj
         Debug\BCMenu.obj
         Debug\BtnST.obj
         Debug\stdafx.obj
         Debug\Task1.obj
         Debug\Task2.obj
         Debug\Task3.obj
         Debug\Task4.obj
     1>LINK : warning LNK4098: 默认库“MSVCRT”与其他库的使用冲突；请使用 /NODEFAULTLIB:library
         1_MFCTemp.vcxproj -> C:\Users\Administrator\Desktop\邓志豪-M201770476\工业摄影程序源代码及程序运行视频\1_MFCTemp\Debug\1_MFCTemp.exe
     1>已完成生成项目“C:\Users\Administrator\Desktop\邓志豪-M201770476\工业摄影程序源代码及程序运行视频\1_MFCTemp\1_MFCTemp\1_MFCTemp.vcxproj”(Build 个目标)的操作。

生成成功。

已用时间 00:00:06.08
