c:\users\administrator\desktop\工业摄影作业\1算子\2_mfctemp\2_mfctemp\debug\2_mfctemp.pch
c:\users\administrator\desktop\工业摄影作业\1算子\2_mfctemp\2_mfctemp\debug\vc120.pdb
c:\users\administrator\desktop\工业摄影作业\1算子\2_mfctemp\2_mfctemp\debug\vc120.idb
c:\users\administrator\desktop\工业摄影作业\1算子\2_mfctemp\2_mfctemp\debug\stdafx.obj
c:\users\administrator\desktop\工业摄影作业\1算子\2_mfctemp\2_mfctemp\debug\2_mfctemp.obj
c:\users\administrator\desktop\工业摄影作业\1算子\2_mfctemp\2_mfctemp\debug\2_mfctempdlg.obj
c:\users\administrator\desktop\工业摄影作业\1算子\2_mfctemp\2_mfctemp\debug\btnst.obj
c:\users\administrator\desktop\工业摄影作业\1算子\2_mfctemp\2_mfctemp\debug\bcmenu.obj
c:\users\administrator\desktop\工业摄影作业\1算子\2_mfctemp\debug\2_mfctemp.ilk
c:\users\administrator\desktop\工业摄影作业\1算子\2_mfctemp\debug\2_mfctemp.exe
c:\users\administrator\desktop\工业摄影作业\1算子\2_mfctemp\debug\2_mfctemp.pdb
c:\users\administrator\desktop\工业摄影作业\1算子\2_mfctemp\2_mfctemp\debug\2_mfctemp.res
c:\users\administrator\desktop\工业摄影作业\1算子\2_mfctemp\2_mfctemp\debug\2_mfctemp.tlog\cl.command.1.tlog
c:\users\administrator\desktop\工业摄影作业\1算子\2_mfctemp\2_mfctemp\debug\2_mfctemp.tlog\cl.read.1.tlog
c:\users\administrator\desktop\工业摄影作业\1算子\2_mfctemp\2_mfctemp\debug\2_mfctemp.tlog\cl.write.1.tlog
c:\users\administrator\desktop\工业摄影作业\1算子\2_mfctemp\2_mfctemp\debug\2_mfctemp.tlog\link.command.1.tlog
c:\users\administrator\desktop\工业摄影作业\1算子\2_mfctemp\2_mfctemp\debug\2_mfctemp.tlog\link.read.1.tlog
c:\users\administrator\desktop\工业摄影作业\1算子\2_mfctemp\2_mfctemp\debug\2_mfctemp.tlog\link.write.1.tlog
c:\users\administrator\desktop\工业摄影作业\1算子\2_mfctemp\2_mfctemp\debug\2_mfctemp.tlog\rc.command.1.tlog
c:\users\administrator\desktop\工业摄影作业\1算子\2_mfctemp\2_mfctemp\debug\2_mfctemp.tlog\rc.read.1.tlog
c:\users\administrator\desktop\工业摄影作业\1算子\2_mfctemp\2_mfctemp\debug\2_mfctemp.tlog\rc.write.1.tlog
