生成启动时间为 2017/11/11 20:03:48。
     1>项目“C:\Users\Administrator\Desktop\工业摄影-最终\工业摄影程序源代码及程序运行视频\3_MFCTemp\3_MFCTemp\3_MFCTemp.vcxproj”在节点 2 上(Build 个目标)。
     1>ClCompile:
         D:\VS2013\VC\bin\CL.exe /c /ZI /nologo /W3 /WX- /sdl- /Od /Oy- /D WIN32 /D _WINDOWS /D _DEBUG /D _UNICODE /D UNICODE /D _AFXDLL /Gm /EHsc /RTC1 /MD /GS /fp:precise /Zc:wchar_t /Zc:forScope /Yc"stdafx.h" /Fp"Debug\3_MFCTemp.pch" /Fo"Debug\\" /Fd"Debug\vc120.pdb" /Gd /TP /analyze- /errorReport:prompt stdafx.cpp
         stdafx.cpp
         D:\VS2013\VC\bin\CL.exe /c /ZI /nologo /W3 /WX- /sdl- /Od /Oy- /D WIN32 /D _WINDOWS /D _DEBUG /D _UNICODE /D UNICODE /D _AFXDLL /Gm /EHsc /RTC1 /MD /GS /fp:precise /Zc:wchar_t /Zc:forScope /Yu"stdafx.h" /Fp"Debug\3_MFCTemp.pch" /Fo"Debug\\" /Fd"Debug\vc120.pdb" /Gd /TP /analyze- /errorReport:prompt 3_MFCTemp.cpp 3_MFCTempDlg.cpp BCMenu.cpp BtnST.cpp TipDlg.cpp
         TipDlg.cpp
         BtnST.cpp
         BCMenu.cpp
     1>c:\users\administrator\desktop\工业摄影-最终\工业摄影程序源代码及程序运行视频\3_mfctemp\3_mfctemp\bcmenu.cpp(76): warning C4996: 'GetVersion': 被声明为已否决
                 c:\program files (x86)\windows kits\8.1\include\um\sysinfoapi.h(110) : 参见“GetVersion”的声明
     1>c:\users\administrator\desktop\工业摄影-最终\工业摄影程序源代码及程序运行视频\3_mfctemp\3_mfctemp\bcmenu.cpp(83): warning C4996: 'GetVersionExW': 被声明为已否决
                 c:\program files (x86)\windows kits\8.1\include\um\sysinfoapi.h(442) : 参见“GetVersionExW”的声明
     1>c:\users\administrator\desktop\工业摄影-最终\工业摄影程序源代码及程序运行视频\3_mfctemp\3_mfctemp\bcmenu.cpp(98): warning C4996: 'GetVersionExW': 被声明为已否决
                 c:\program files (x86)\windows kits\8.1\include\um\sysinfoapi.h(442) : 参见“GetVersionExW”的声明
     1>c:\users\administrator\desktop\工业摄影-最终\工业摄影程序源代码及程序运行视频\3_mfctemp\3_mfctemp\bcmenu.cpp(1950): warning C4018: “<”: 有符号/无符号不匹配
         3_MFCTempDlg.cpp
     1>c:\users\administrator\desktop\工业摄影-最终\工业摄影程序源代码及程序运行视频\3_mfctemp\3_mfctemp\3_mfctempdlg.cpp(390): warning C4018: “<”: 有符号/无符号不匹配
     1>c:\users\administrator\desktop\工业摄影-最终\工业摄影程序源代码及程序运行视频\3_mfctemp\3_mfctemp\3_mfctempdlg.cpp(402): warning C4018: “<”: 有符号/无符号不匹配
     1>c:\users\administrator\desktop\工业摄影-最终\工业摄影程序源代码及程序运行视频\3_mfctemp\3_mfctemp\3_mfctempdlg.cpp(455): warning C4244: “初始化”: 从“double”转换到“int”，可能丢失数据
     1>c:\users\administrator\desktop\工业摄影-最终\工业摄影程序源代码及程序运行视频\3_mfctemp\3_mfctemp\3_mfctempdlg.cpp(456): warning C4244: “初始化”: 从“double”转换到“int”，可能丢失数据
     1>c:\users\administrator\desktop\工业摄影-最终\工业摄影程序源代码及程序运行视频\3_mfctemp\3_mfctemp\3_mfctempdlg.cpp(498): warning C4101: “A”: 未引用的局部变量
     1>c:\users\administrator\desktop\工业摄影-最终\工业摄影程序源代码及程序运行视频\3_mfctemp\3_mfctemp\3_mfctempdlg.cpp(553): warning C4018: “<”: 有符号/无符号不匹配
     1>c:\users\administrator\desktop\工业摄影-最终\工业摄影程序源代码及程序运行视频\3_mfctemp\3_mfctemp\3_mfctempdlg.cpp(568): warning C4018: “<”: 有符号/无符号不匹配
     1>c:\users\administrator\desktop\工业摄影-最终\工业摄影程序源代码及程序运行视频\3_mfctemp\3_mfctemp\3_mfctempdlg.cpp(574): warning C4244: “=”: 从“float”转换到“int”，可能丢失数据
         3_MFCTemp.cpp
         正在生成代码...
       ResourceCompile:
         C:\Program Files (x86)\Windows Kits\8.1\bin\x86\rc.exe /D _DEBUG /D _UNICODE /D UNICODE /D _AFXDLL /l"0x0804" /IDebug\ /nologo /fo"Debug\3_MFCTemp.res" 3_MFCTemp.rc 
       Link:
         D:\VS2013\VC\bin\link.exe /ERRORREPORT:PROMPT /OUT:"C:\Users\Administrator\Desktop\工业摄影-最终\工业摄影程序源代码及程序运行视频\3_MFCTemp\Debug\3_MFCTemp.exe" /INCREMENTAL /NOLOGO opencv_ml249d.lib opencv_calib3d249d.lib opencv_contrib249d.lib opencv_core249d.lib opencv_features2d249d.lib opencv_flann249d.lib opencv_gpu249d.lib opencv_highgui249d.lib opencv_imgproc249d.lib opencv_legacy249d.lib opencv_objdetect249d.lib opencv_ts249d.lib opencv_video249d.lib opencv_nonfree249d.lib opencv_ocl249d.lib opencv_photo249d.lib opencv_stitching249d.lib opencv_superres249d.lib opencv_videostab249d.lib /MANIFEST /MANIFESTUAC:"level='asInvoker' uiAccess='false'" /manifest:embed /manifestinput:D:\VS2013\VC\Include\Manifest\dpiaware.manifest /DEBUG /PDB:"C:\Users\Administrator\Desktop\工业摄影-最终\工业摄影程序源代码及程序运行视频\3_MFCTemp\Debug\3_MFCTemp.pdb" /SUBSYSTEM:WINDOWS /TLBID:1 /ENTRY:"wWinMainCRTStartup" /DYNAMICBASE /NXCOMPAT /IMPLIB:"C:\Users\Administrator\Desktop\工业摄影-最终\工业摄影程序源代码及程序运行视频\3_MFCTemp\Debug\3_MFCTemp.lib" /MACHINE:X86 Debug\3_MFCTemp.res
         Debug\3_MFCTemp.obj
         Debug\3_MFCTempDlg.obj
         Debug\BCMenu.obj
         Debug\BtnST.obj
         Debug\stdafx.obj
         Debug\TipDlg.obj
         LINK : 没有找到 C:\Users\Administrator\Desktop\工业摄影-最终\工业摄影程序源代码及程序运行视频\3_MFCTemp\Debug\3_MFCTemp.exe 或上一个增量链接没有生成它；正在执行完全链接
     1>LINK : warning LNK4098: 默认库“MSVCRT”与其他库的使用冲突；请使用 /NODEFAULTLIB:library
         3_MFCTemp.vcxproj -> C:\Users\Administrator\Desktop\工业摄影-最终\工业摄影程序源代码及程序运行视频\3_MFCTemp\Debug\3_MFCTemp.exe
     1>已完成生成项目“C:\Users\Administrator\Desktop\工业摄影-最终\工业摄影程序源代码及程序运行视频\3_MFCTemp\3_MFCTemp\3_MFCTemp.vcxproj”(Build 个目标)的操作。

生成成功。

已用时间 00:00:05.99
